<?xml version="1.0" encoding="UTF-8"?>
<!DOCTYPE suite SYSTEM "http://testng.org/testng-1.0.dtd" >
<suite name="Task1" verbose="5" data-provider-thread-count="1">
	
	<test name="HttpRequestTest">
		<classes>
		    <class name="At_025.HomeWork_6.HttpRequestTest"/>
		</classes>
	</test>
	  
</suite>