<?xml version="1.0" encoding="UTF-8"?>
<!-- Generated by org.testng.reporters.JUnitReportReporter -->
<testsuite skipped="0" hostname="Admin-PC" name="At_025.HomeWork_6.SubTest" tests="8" failures="0" timestamp="22 серп. 2018 15:00:42 GMT" time="0.010" errors="0">
  <testcase name="firstTestForSubMethod" time="0.000" classname="At_025.HomeWork_6.SubTest"/>
  <testcase name="secondTestForSubMethod" time="0.010" classname="At_025.HomeWork_6.SubTest"/>
  <testcase name="thirdTestForSubMethod" time="0.000" classname="At_025.HomeWork_6.SubTest"/>
  <testcase name="thirdTestForSubMethod" time="0.000" classname="At_025.HomeWork_6.SubTest"/>
  <testcase name="thirdTestForSubMethod" time="0.000" classname="At_025.HomeWork_6.SubTest"/>
  <testcase name="thirdTestForSubMethod" time="0.000" classname="At_025.HomeWork_6.SubTest"/>
  <testcase name="thirdTestForSubMethod" time="0.000" classname="At_025.HomeWork_6.SubTest"/>
  <testcase name="fourthTestForSubMethod" time="0.000" classname="At_025.HomeWork_6.SubTest"/>
</testsuite> <!-- At_025.HomeWork_6.SubTest -->
