<?xml version="1.0" encoding="UTF-8"?>
<!-- Generated by org.testng.reporters.JUnitReportReporter -->
<testsuite skipped="0" hostname="Admin-PC" name="At_025.HomeWork_6.AllTestsMethods" tests="12" failures="0" timestamp="18 серп. 2018 20:28:53 GMT" time="0.048" errors="0">
  <testcase name="thirdTestForSubMethod" time="0.000" classname="At_025.HomeWork_6.AllTestsMethods"/>
  <testcase name="firstTestForAddMethod" time="0.015" classname="At_025.HomeWork_6.AllTestsMethods"/>
  <testcase name="thirdTestForDivMethod" time="0.000" classname="At_025.HomeWork_6.AllTestsMethods"/>
  <testcase name="thirdTestForMultMethod" time="0.000" classname="At_025.HomeWork_6.AllTestsMethods"/>
  <testcase name="secondTestForSubMethod" time="0.000" classname="At_025.HomeWork_6.AllTestsMethods"/>
  <testcase name="secondTestForDivMethod" time="0.000" classname="At_025.HomeWork_6.AllTestsMethods"/>
  <testcase name="firstTestForSubMethod" time="0.001" classname="At_025.HomeWork_6.AllTestsMethods"/>
  <testcase name="secondTestForMultMethod" time="0.016" classname="At_025.HomeWork_6.AllTestsMethods"/>
  <testcase name="firstTestForMultMethod" time="0.000" classname="At_025.HomeWork_6.AllTestsMethods"/>
  <testcase name="thirdTestForAddMethod" time="0.016" classname="At_025.HomeWork_6.AllTestsMethods"/>
  <testcase name="firstTestForDivMethod" time="0.000" classname="At_025.HomeWork_6.AllTestsMethods"/>
  <testcase name="secondtestForAddMethod" time="0.000" classname="At_025.HomeWork_6.AllTestsMethods"/>
</testsuite> <!-- At_025.HomeWork_6.AllTestsMethods -->
