<?xml version="1.0" encoding="UTF-8"?>
<!-- Generated by org.testng.reporters.JUnitReportReporter -->
<testsuite skipped="0" hostname="Admin-PC" name="At_025.HomeWork_6.DivTest" tests="5" failures="0" timestamp="22 серп. 2018 15:00:42 GMT" time="0.010" errors="0">
  <testcase name="firstTestForDivMethod" time="0.000" classname="At_025.HomeWork_6.DivTest"/>
  <testcase name="secondTestForDivMethod" time="0.000" classname="At_025.HomeWork_6.DivTest"/>
  <testcase name="thirdTestForDivMethod" time="0.010" classname="At_025.HomeWork_6.DivTest"/>
  <testcase name="thirdTestForDivMethod" time="0.000" classname="At_025.HomeWork_6.DivTest"/>
  <testcase name="fourthTestForDivMethod" time="0.000" classname="At_025.HomeWork_6.DivTest"/>
</testsuite> <!-- At_025.HomeWork_6.DivTest -->
