<?xml version="1.0" encoding="UTF-8"?>
<!-- Generated by org.testng.reporters.JUnitReportReporter -->
<testsuite skipped="0" hostname="Admin-PC" name="At_025.HomeWork_6.SimpleHttpRequestTest" tests="1" failures="0" timestamp="07 серп. 2018 19:22:35 GMT" time="1.054" errors="0">
  <testcase name="simpleHttpHtmlTest" time="1.054" classname="At_025.HomeWork_6.SimpleHttpRequestTest"/>
</testsuite> <!-- At_025.HomeWork_6.SimpleHttpRequestTest -->
