<?xml version="1.0" encoding="UTF-8"?>
<!-- Generated by org.testng.reporters.JUnitReportReporter -->
<testsuite skipped="0" hostname="Admin-PC" name="At_025.HomeWork_6.MultTest" tests="8" failures="0" timestamp="22 серп. 2018 15:00:42 GMT" time="0.000" errors="0">
  <testcase name="firstTestForMultMethod" time="0.000" classname="At_025.HomeWork_6.MultTest"/>
  <testcase name="secondTestForMultMethod" time="0.000" classname="At_025.HomeWork_6.MultTest"/>
  <testcase name="thirdTestForMultMethod" time="0.000" classname="At_025.HomeWork_6.MultTest"/>
  <testcase name="thirdTestForMultMethod" time="0.000" classname="At_025.HomeWork_6.MultTest"/>
  <testcase name="thirdTestForMultMethod" time="0.000" classname="At_025.HomeWork_6.MultTest"/>
  <testcase name="thirdTestForMultMethod" time="0.000" classname="At_025.HomeWork_6.MultTest"/>
  <testcase name="thirdTestForMultMethod" time="0.000" classname="At_025.HomeWork_6.MultTest"/>
  <testcase name="fourthTestForMultMethod" time="0.000" classname="At_025.HomeWork_6.MultTest"/>
</testsuite> <!-- At_025.HomeWork_6.MultTest -->
