<?xml version="1.0" encoding="UTF-8"?>
<!-- Generated by org.testng.reporters.JUnitReportReporter -->
<testsuite skipped="0" hostname="Admin-PC" name="At_025.HomeWork_6.HttpRequestTest" tests="1" failures="0" timestamp="22 серп. 2018 15:00:42 GMT" time="0.985" errors="0">
  <testcase name="HttpHtmlTest" time="0.985" classname="At_025.HomeWork_6.HttpRequestTest"/>
</testsuite> <!-- At_025.HomeWork_6.HttpRequestTest -->
